<?xml version="1.0" encoding="UTF-8"?>
<robot generator="Robot 7.4.2 (Python 3.14.5 on win32)" generated="2026-05-31T22:06:06.360755" rpa="false" schemaversion="5">
<suite id="s1" name="Gate" source="C:\bitpulse-engine\testes\gate.robot">
<kw name="Abrir navegador" type="SETUP">
<kw name="Open Browser" owner="SeleniumLibrary">
<msg time="2026-05-31T22:06:06.898688" level="INFO">Opening browser 'chrome' to base url 'http://localhost:3000'.</msg>
<arg>${URL}</arg>
<arg>${BROWSER}</arg>
<doc>Opens a new browser instance to the optional ``url``.</doc>
<status status="PASS" start="2026-05-31T22:06:06.898183" elapsed="4.738435"/>
</kw>
<kw name="Maximize Browser Window" owner="SeleniumLibrary">
<doc>Maximizes current browser window.</doc>
<status status="PASS" start="2026-05-31T22:06:11.637152" elapsed="0.093061"/>
</kw>
<kw name="Wait Until Element Is Visible" owner="SeleniumLibrary">
<arg>${SELECT_GATE}</arg>
<arg>timeout=10s</arg>
<doc>Waits until the element ``locator`` is visible.</doc>
<status status="PASS" start="2026-05-31T22:06:11.730674" elapsed="0.076407"/>
</kw>
<status status="PASS" start="2026-05-31T22:06:06.896956" elapsed="4.910364"/>
</kw>
<test id="s1-t1" name="CT01 - Porta AND com entradas 1 e 1 retorna saida 1" line="20">
<kw name="Selecionar porta">
<kw name="Go To" owner="SeleniumLibrary">
<msg time="2026-05-31T22:06:11.812034" level="INFO">Opening url 'http://localhost:3000'</msg>
<arg>${URL}</arg>
<doc>Navigates the current browser window to the provided ``url``.</doc>
<status status="PASS" start="2026-05-31T22:06:11.811714" elapsed="0.062781"/>
</kw>
<kw name="Wait Until Element Is Visible" owner="SeleniumLibrary">
<arg>${SELECT_GATE}</arg>
<arg>timeout=10s</arg>
<doc>Waits until the element ``locator`` is visible.</doc>
<status status="PASS" start="2026-05-31T22:06:11.874796" elapsed="0.023433"/>
</kw>
<kw name="Select From List By Value" owner="SeleniumLibrary">
<msg time="2026-05-31T22:06:11.898964" level="INFO">Selecting options from selection list 'id=gate' by value AND.</msg>
<arg>${SELECT_GATE}</arg>
<arg>${porta}</arg>
<doc>Selects options from selection list ``locator`` by ``values``.</doc>
<status status="PASS" start="2026-05-31T22:06:11.898494" elapsed="0.065506"/>
</kw>
<arg>AND</arg>
<status status="PASS" start="2026-05-31T22:06:11.810874" elapsed="0.153308"/>
</kw>
<kw name="Definir entrada A">
<kw name="Select From List By Value" owner="SeleniumLibrary">
<msg time="2026-05-31T22:06:11.965691" level="INFO">Selecting options from selection list 'id=inputA' by value 1.</msg>
<arg>${SELECT_A}</arg>
<arg>${valor}</arg>
<doc>Selects options from selection list ``locator`` by ``values``.</doc>
<status status="PASS" start="2026-05-31T22:06:11.965230" elapsed="0.098791"/>
</kw>
<arg>1</arg>
<status status="PASS" start="2026-05-31T22:06:11.964704" elapsed="0.099604"/>
</kw>
<kw name="Definir entrada B">
<kw name="Select From List By Value" owner="SeleniumLibrary">
<msg time="2026-05-31T22:06:12.065980" level="INFO">Selecting options from selection list 'id=inputB' by value 1.</msg>
<arg>${SELECT_B}</arg>
<arg>${valor}</arg>
<doc>Selects options from selection list ``locator`` by ``values``.</doc>
<status status="PASS" start="2026-05-31T22:06:12.065568" elapsed="0.078945"/>
</kw>
<arg>1</arg>
<status status="PASS" start="2026-05-31T22:06:12.065001" elapsed="0.079712"/>
</kw>
<kw name="Clicar em simular">
<kw name="Click Button" owner="SeleniumLibrary">
<msg time="2026-05-31T22:06:12.146054" level="INFO">Clicking button 'id=btnGate'.</msg>
<arg>${BTN_GATE}</arg>
<doc>Clicks the button identified by ``locator``.</doc>
<status status="PASS" start="2026-05-31T22:06:12.145650" elapsed="0.110238"/>
</kw>
<kw name="Wait Until Element Is Visible" owner="SeleniumLibrary">
<arg>${RESULT_GATE}</arg>
<arg>timeout=10s</arg>
<doc>Waits until the element ``locator`` is visible.</doc>
<status status="PASS" start="2026-05-31T22:06:12.256140" elapsed="0.033925"/>
</kw>
<status status="PASS" start="2026-05-31T22:06:12.145215" elapsed="0.145046"/>
</kw>
<kw name="Resultado deve conter">
<kw name="Element Should Contain" owner="SeleniumLibrary">
<msg time="2026-05-31T22:06:12.322255" level="INFO">Element 'id=resultGate' contains text '"saida": 1'.</msg>
<arg>${RESULT_GATE}</arg>
<arg>${texto}</arg>
<doc>Verifies that element ``locator`` contains text ``expected``.</doc>
<status status="PASS" start="2026-05-31T22:06:12.291139" elapsed="0.031248"/>
</kw>
<arg>"saida": 1</arg>
<status status="PASS" start="2026-05-31T22:06:12.290725" elapsed="0.031801"/>
</kw>
<status status="PASS" start="2026-05-31T22:06:11.807490" elapsed="0.515422"/>
</test>
<test id="s1-t2" name="CT02 - Porta OR com entradas 0 e 0 retorna saida 0" line="27">
<kw name="Selecionar porta">
<kw name="Go To" owner="SeleniumLibrary">
<msg time="2026-05-31T22:06:12.325120" level="INFO">Opening url 'http://localhost:3000'</msg>
<arg>${URL}</arg>
<doc>Navigates the current browser window to the provided ``url``.</doc>
<status status="PASS" start="2026-05-31T22:06:12.324713" elapsed="0.042937"/>
</kw>
<kw name="Wait Until Element Is Visible" owner="SeleniumLibrary">
<arg>${SELECT_GATE}</arg>
<arg>timeout=10s</arg>
<doc>Waits until the element ``locator`` is visible.</doc>
<status status="PASS" start="2026-05-31T22:06:12.367888" elapsed="0.020196"/>
</kw>
<kw name="Select From List By Value" owner="SeleniumLibrary">
<msg time="2026-05-31T22:06:12.388733" level="INFO">Selecting options from selection list 'id=gate' by value OR.</msg>
<arg>${SELECT_GATE}</arg>
<arg>${porta}</arg>
<doc>Selects options from selection list ``locator`` by ``values``.</doc>
<status status="PASS" start="2026-05-31T22:06:12.388326" elapsed="0.073967"/>
</kw>
<arg>OR</arg>
<status status="PASS" start="2026-05-31T22:06:12.324330" elapsed="0.138124"/>
</kw>
<kw name="Definir entrada A">
<kw name="Select From List By Value" owner="SeleniumLibrary">
<msg time="2026-05-31T22:06:12.464161" level="INFO">Selecting options from selection list 'id=inputA' by value 0.</msg>
<arg>${SELECT_A}</arg>
<arg>${valor}</arg>
<doc>Selects options from selection list ``locator`` by ``values``.</doc>
<status status="PASS" start="2026-05-31T22:06:12.463530" elapsed="0.056136"/>
</kw>
<arg>0</arg>
<status status="PASS" start="2026-05-31T22:06:12.462977" elapsed="0.056848"/>
</kw>
<kw name="Definir entrada B">
<kw name="Select From List By Value" owner="SeleniumLibrary">
<msg time="2026-05-31T22:06:12.520997" level="INFO">Selecting options from selection list 'id=inputB' by value 0.</msg>
<arg>${SELECT_B}</arg>
<arg>${valor}</arg>
<doc>Selects options from selection list ``locator`` by ``values``.</doc>
<status status="PASS" start="2026-05-31T22:06:12.520636" elapsed="0.056420"/>
</kw>
<arg>0</arg>
<status status="PASS" start="2026-05-31T22:06:12.520237" elapsed="0.056989"/>
</kw>
<kw name="Clicar em simular">
<kw name="Click Button" owner="SeleniumLibrary">
<msg time="2026-05-31T22:06:12.578558" level="INFO">Clicking button 'id=btnGate'.</msg>
<arg>${BTN_GATE}</arg>
<doc>Clicks the button identified by ``locator``.</doc>
<status status="PASS" start="2026-05-31T22:06:12.578211" elapsed="0.101056"/>
</kw>
<kw name="Wait Until Element Is Visible" owner="SeleniumLibrary">
<arg>${RESULT_GATE}</arg>
<arg>timeout=10s</arg>
<doc>Waits until the element ``locator`` is visible.</doc>
<status status="PASS" start="2026-05-31T22:06:12.679697" elapsed="0.020618"/>
</kw>
<status status="PASS" start="2026-05-31T22:06:12.577756" elapsed="0.122722"/>
</kw>
<kw name="Resultado deve conter">
<kw name="Element Should Contain" owner="SeleniumLibrary">
<msg time="2026-05-31T22:06:12.723526" level="INFO">Element 'id=resultGate' contains text '"saida": 0'.</msg>
<arg>${RESULT_GATE}</arg>
<arg>${texto}</arg>
<doc>Verifies that element ``locator`` contains text ``expected``.</doc>
<status status="PASS" start="2026-05-31T22:06:12.701371" elapsed="0.022344"/>
</kw>
<arg>"saida": 0</arg>
<status status="PASS" start="2026-05-31T22:06:12.700910" elapsed="0.023011"/>
</kw>
<status status="PASS" start="2026-05-31T22:06:12.323604" elapsed="0.400776"/>
</test>
<test id="s1-t3" name="CT03 - Porta NOT com entrada 1 retorna saida 0" line="34">
<kw name="Selecionar porta">
<kw name="Go To" owner="SeleniumLibrary">
<msg time="2026-05-31T22:06:12.730841" level="INFO">Opening url 'http://localhost:3000'</msg>
<arg>${URL}</arg>
<doc>Navigates the current browser window to the provided ``url``.</doc>
<status status="PASS" start="2026-05-31T22:06:12.730408" elapsed="0.046862"/>
</kw>
<kw name="Wait Until Element Is Visible" owner="SeleniumLibrary">
<arg>${SELECT_GATE}</arg>
<arg>timeout=10s</arg>
<doc>Waits until the element ``locator`` is visible.</doc>
<status status="PASS" start="2026-05-31T22:06:12.777566" elapsed="0.019450"/>
</kw>
<kw name="Select From List By Value" owner="SeleniumLibrary">
<msg time="2026-05-31T22:06:12.797653" level="INFO">Selecting options from selection list 'id=gate' by value NOT.</msg>
<arg>${SELECT_GATE}</arg>
<arg>${porta}</arg>
<doc>Selects options from selection list ``locator`` by ``values``.</doc>
<status status="PASS" start="2026-05-31T22:06:12.797255" elapsed="0.071947"/>
</kw>
<arg>NOT</arg>
<status status="PASS" start="2026-05-31T22:06:12.729495" elapsed="0.139875"/>
</kw>
<kw name="Definir entrada A">
<kw name="Select From List By Value" owner="SeleniumLibrary">
<msg time="2026-05-31T22:06:12.870724" level="INFO">Selecting options from selection list 'id=inputA' by value 1.</msg>
<arg>${SELECT_A}</arg>
<arg>${valor}</arg>
<doc>Selects options from selection list ``locator`` by ``values``.</doc>
<status status="PASS" start="2026-05-31T22:06:12.870304" elapsed="0.073486"/>
</kw>
<arg>1</arg>
<status status="PASS" start="2026-05-31T22:06:12.869851" elapsed="0.074101"/>
</kw>
<kw name="Clicar em simular">
<kw name="Click Button" owner="SeleniumLibrary">
<msg time="2026-05-31T22:06:12.945104" level="INFO">Clicking button 'id=btnGate'.</msg>
<arg>${BTN_GATE}</arg>
<doc>Clicks the button identified by ``locator``.</doc>
<status status="PASS" start="2026-05-31T22:06:12.944766" elapsed="0.087077"/>
</kw>
<kw name="Wait Until Element Is Visible" owner="SeleniumLibrary">
<arg>${RESULT_GATE}</arg>
<arg>timeout=10s</arg>
<doc>Waits until the element ``locator`` is visible.</doc>
<status status="PASS" start="2026-05-31T22:06:13.032078" elapsed="0.019908"/>
</kw>
<status status="PASS" start="2026-05-31T22:06:12.944384" elapsed="0.107760"/>
</kw>
<kw name="Resultado deve conter">
<kw name="Element Should Contain" owner="SeleniumLibrary">
<msg time="2026-05-31T22:06:13.079649" level="INFO">Element 'id=resultGate' contains text '"saida": 0'.</msg>
<arg>${RESULT_GATE}</arg>
<arg>${texto}</arg>
<doc>Verifies that element ``locator`` contains text ``expected``.</doc>
<status status="PASS" start="2026-05-31T22:06:13.053032" elapsed="0.026747"/>
</kw>
<arg>"saida": 0</arg>
<status status="PASS" start="2026-05-31T22:06:13.052618" elapsed="0.027300"/>
</kw>
<status status="PASS" start="2026-05-31T22:06:12.728332" elapsed="0.351920"/>
</test>
<test id="s1-t4" name="CT04 - Porta XOR com entradas 1 e 1 retorna saida 0" line="40">
<kw name="Selecionar porta">
<kw name="Go To" owner="SeleniumLibrary">
<msg time="2026-05-31T22:06:13.081978" level="INFO">Opening url 'http://localhost:3000'</msg>
<arg>${URL}</arg>
<doc>Navigates the current browser window to the provided ``url``.</doc>
<status status="PASS" start="2026-05-31T22:06:13.081786" elapsed="0.015839"/>
</kw>
<kw name="Wait Until Element Is Visible" owner="SeleniumLibrary">
<arg>${SELECT_GATE}</arg>
<arg>timeout=10s</arg>
<doc>Waits until the element ``locator`` is visible.</doc>
<status status="PASS" start="2026-05-31T22:06:13.097884" elapsed="0.040507"/>
</kw>
<kw name="Select From List By Value" owner="SeleniumLibrary">
<msg time="2026-05-31T22:06:13.139110" level="INFO">Selecting options from selection list 'id=gate' by value XOR.</msg>
<arg>${SELECT_GATE}</arg>
<arg>${porta}</arg>
<doc>Selects options from selection list ``locator`` by ``values``.</doc>
<status status="PASS" start="2026-05-31T22:06:13.138681" elapsed="0.071596"/>
</kw>
<arg>XOR</arg>
<status status="PASS" start="2026-05-31T22:06:13.081384" elapsed="0.129056"/>
</kw>
<kw name="Definir entrada A">
<kw name="Select From List By Value" owner="SeleniumLibrary">
<msg time="2026-05-31T22:06:13.211860" level="INFO">Selecting options from selection list 'id=inputA' by value 1.</msg>
<arg>${SELECT_A}</arg>
<arg>${valor}</arg>
<doc>Selects options from selection list ``locator`` by ``values``.</doc>
<status status="PASS" start="2026-05-31T22:06:13.211429" elapsed="0.068672"/>
</kw>
<arg>1</arg>
<status status="PASS" start="2026-05-31T22:06:13.210927" elapsed="0.069334"/>
</kw>
<kw name="Definir entrada B">
<kw name="Select From List By Value" owner="SeleniumLibrary">
<msg time="2026-05-31T22:06:13.281409" level="INFO">Selecting options from selection list 'id=inputB' by value 1.</msg>
<arg>${SELECT_B}</arg>
<arg>${valor}</arg>
<doc>Selects options from selection list ``locator`` by ``values``.</doc>
<status status="PASS" start="2026-05-31T22:06:13.281044" elapsed="0.084637"/>
</kw>
<arg>1</arg>
<status status="PASS" start="2026-05-31T22:06:13.280646" elapsed="0.085199"/>
</kw>
<kw name="Clicar em simular">
<kw name="Click Button" owner="SeleniumLibrary">
<msg time="2026-05-31T22:06:13.366998" level="INFO">Clicking button 'id=btnGate'.</msg>
<arg>${BTN_GATE}</arg>
<doc>Clicks the button identified by ``locator``.</doc>
<status status="PASS" start="2026-05-31T22:06:13.366662" elapsed="0.085488"/>
</kw>
<kw name="Wait Until Element Is Visible" owner="SeleniumLibrary">
<arg>${RESULT_GATE}</arg>
<arg>timeout=10s</arg>
<doc>Waits until the element ``locator`` is visible.</doc>
<status status="PASS" start="2026-05-31T22:06:13.452391" elapsed="0.017421"/>
</kw>
<status status="PASS" start="2026-05-31T22:06:13.366278" elapsed="0.103695"/>
</kw>
<kw name="Resultado deve conter">
<kw name="Element Should Contain" owner="SeleniumLibrary">
<msg time="2026-05-31T22:06:13.488413" level="INFO">Element 'id=resultGate' contains text '"saida": 0'.</msg>
<arg>${RESULT_GATE}</arg>
<arg>${texto}</arg>
<doc>Verifies that element ``locator`` contains text ``expected``.</doc>
<status status="PASS" start="2026-05-31T22:06:13.470782" elapsed="0.017758"/>
</kw>
<arg>"saida": 0</arg>
<status status="PASS" start="2026-05-31T22:06:13.470358" elapsed="0.018321"/>
</kw>
<status status="PASS" start="2026-05-31T22:06:13.080750" elapsed="0.408240"/>
</test>
<kw name="Fechar navegador" type="TEARDOWN">
<kw name="Close Browser" owner="SeleniumLibrary">
<doc>Closes the current browser.</doc>
<status status="PASS" start="2026-05-31T22:06:13.490599" elapsed="2.234507"/>
</kw>
<status status="PASS" start="2026-05-31T22:06:13.490282" elapsed="2.235139"/>
</kw>
<status status="PASS" start="2026-05-31T22:06:06.363942" elapsed="9.361595"/>
</suite>
<statistics>
<total>
<stat pass="4" fail="0" skip="0">All Tests</stat>
</total>
<tag>
</tag>
<suite>
<stat name="Gate" id="s1" pass="4" fail="0" skip="0">Gate</stat>
</suite>
</statistics>
<errors>
</errors>
</robot>
