<?xml version="1.0" encoding="UTF-8"?>
<robot generator="Robot 7.4.2 (Python 3.14.5 on win32)" generated="2026-05-31T22:24:49.804217" rpa="false" schemaversion="5">
<suite id="s1" name="Ieee754" source="C:\bitpulse-engine\testes\ieee754.robot">
<kw name="Abrir navegador" type="SETUP">
<kw name="Open Browser" owner="SeleniumLibrary">
<msg time="2026-05-31T22:24:50.352091" level="INFO">Opening browser 'chrome' to base url 'http://localhost:3000'.</msg>
<arg>${URL}</arg>
<arg>${BROWSER}</arg>
<doc>Opens a new browser instance to the optional ``url``.</doc>
<status status="PASS" start="2026-05-31T22:24:50.351595" elapsed="1.729156"/>
</kw>
<kw name="Maximize Browser Window" owner="SeleniumLibrary">
<doc>Maximizes current browser window.</doc>
<status status="PASS" start="2026-05-31T22:24:52.081221" elapsed="0.071554"/>
</kw>
<kw name="Wait Until Element Is Visible" owner="SeleniumLibrary">
<arg>${INPUT_VALOR}</arg>
<arg>timeout=10s</arg>
<doc>Waits until the element ``locator`` is visible.</doc>
<status status="PASS" start="2026-05-31T22:24:52.153104" elapsed="0.052068"/>
</kw>
<status status="PASS" start="2026-05-31T22:24:50.350379" elapsed="1.854976"/>
</kw>
<test id="s1-t1" name="CT01 - Numero positivo deve retornar sinal 0" line="17">
<kw name="Informar valor">
<kw name="Go To" owner="SeleniumLibrary">
<msg time="2026-05-31T22:24:52.207898" level="INFO">Opening url 'http://localhost:3000'</msg>
<arg>${URL}</arg>
<doc>Navigates the current browser window to the provided ``url``.</doc>
<status status="PASS" start="2026-05-31T22:24:52.207653" elapsed="0.057843"/>
</kw>
<kw name="Wait Until Element Is Visible" owner="SeleniumLibrary">
<arg>${INPUT_VALOR}</arg>
<arg>timeout=10s</arg>
<doc>Waits until the element ``locator`` is visible.</doc>
<status status="PASS" start="2026-05-31T22:24:52.265776" elapsed="0.032232"/>
</kw>
<kw name="Clear Element Text" owner="SeleniumLibrary">
<arg>${INPUT_VALOR}</arg>
<doc>Clears the value of the text-input-element identified by ``locator``.</doc>
<status status="PASS" start="2026-05-31T22:24:52.298259" elapsed="0.074040"/>
</kw>
<kw name="Input Text" owner="SeleniumLibrary">
<msg time="2026-05-31T22:24:52.373313" level="INFO">Typing text '0.5' into text field 'id=valor'.</msg>
<arg>${INPUT_VALOR}</arg>
<arg>${valor}</arg>
<doc>Types the given ``text`` into the text field identified by ``locator``.</doc>
<status status="PASS" start="2026-05-31T22:24:52.372657" elapsed="0.123107"/>
</kw>
<arg>0.5</arg>
<status status="PASS" start="2026-05-31T22:24:52.207088" elapsed="0.288869"/>
</kw>
<kw name="Clicar em converter">
<kw name="Click Button" owner="SeleniumLibrary">
<msg time="2026-05-31T22:24:52.497398" level="INFO">Clicking button 'id=btnIeee'.</msg>
<arg>${BTN_IEEE}</arg>
<doc>Clicks the button identified by ``locator``.</doc>
<status status="PASS" start="2026-05-31T22:24:52.497014" elapsed="0.117163"/>
</kw>
<kw name="Wait Until Element Is Visible" owner="SeleniumLibrary">
<arg>${RESULT_IEEE}</arg>
<arg>timeout=10s</arg>
<doc>Waits until the element ``locator`` is visible.</doc>
<status status="PASS" start="2026-05-31T22:24:52.614420" elapsed="0.026588"/>
</kw>
<status status="PASS" start="2026-05-31T22:24:52.496616" elapsed="0.144554"/>
</kw>
<kw name="Resultado deve conter">
<kw name="Element Should Contain" owner="SeleniumLibrary">
<msg time="2026-05-31T22:24:52.668010" level="INFO">Element 'id=resultIeee' contains text '"sinal": "0"'.</msg>
<arg>${RESULT_IEEE}</arg>
<arg>${texto}</arg>
<doc>Verifies that element ``locator`` contains text ``expected``.</doc>
<status status="PASS" start="2026-05-31T22:24:52.642937" elapsed="0.025215"/>
</kw>
<arg>"sinal": "0"</arg>
<status status="PASS" start="2026-05-31T22:24:52.642482" elapsed="0.025823"/>
</kw>
<status status="PASS" start="2026-05-31T22:24:52.205485" elapsed="0.463196"/>
</test>
<test id="s1-t2" name="CT02 - Numero negativo deve retornar sinal 1" line="22">
<kw name="Informar valor">
<kw name="Go To" owner="SeleniumLibrary">
<msg time="2026-05-31T22:24:52.670690" level="INFO">Opening url 'http://localhost:3000'</msg>
<arg>${URL}</arg>
<doc>Navigates the current browser window to the provided ``url``.</doc>
<status status="PASS" start="2026-05-31T22:24:52.670492" elapsed="0.045077"/>
</kw>
<kw name="Wait Until Element Is Visible" owner="SeleniumLibrary">
<arg>${INPUT_VALOR}</arg>
<arg>timeout=10s</arg>
<doc>Waits until the element ``locator`` is visible.</doc>
<status status="PASS" start="2026-05-31T22:24:52.715892" elapsed="0.022895"/>
</kw>
<kw name="Clear Element Text" owner="SeleniumLibrary">
<arg>${INPUT_VALOR}</arg>
<doc>Clears the value of the text-input-element identified by ``locator``.</doc>
<status status="PASS" start="2026-05-31T22:24:52.739020" elapsed="0.044128"/>
</kw>
<kw name="Input Text" owner="SeleniumLibrary">
<msg time="2026-05-31T22:24:52.783797" level="INFO">Typing text '-3.14' into text field 'id=valor'.</msg>
<arg>${INPUT_VALOR}</arg>
<arg>${valor}</arg>
<doc>Types the given ``text`` into the text field identified by ``locator``.</doc>
<status status="PASS" start="2026-05-31T22:24:52.783381" elapsed="0.117401"/>
</kw>
<arg>-3.14</arg>
<status status="PASS" start="2026-05-31T22:24:52.670097" elapsed="0.230839"/>
</kw>
<kw name="Clicar em converter">
<kw name="Click Button" owner="SeleniumLibrary">
<msg time="2026-05-31T22:24:52.902030" level="INFO">Clicking button 'id=btnIeee'.</msg>
<arg>${BTN_IEEE}</arg>
<doc>Clicks the button identified by ``locator``.</doc>
<status status="PASS" start="2026-05-31T22:24:52.901699" elapsed="0.097101"/>
</kw>
<kw name="Wait Until Element Is Visible" owner="SeleniumLibrary">
<arg>${RESULT_IEEE}</arg>
<arg>timeout=10s</arg>
<doc>Waits until the element ``locator`` is visible.</doc>
<status status="PASS" start="2026-05-31T22:24:52.999028" elapsed="0.018143"/>
</kw>
<status status="PASS" start="2026-05-31T22:24:52.901325" elapsed="0.116000"/>
</kw>
<kw name="Resultado deve conter">
<kw name="Element Should Contain" owner="SeleniumLibrary">
<msg time="2026-05-31T22:24:53.037870" level="INFO">Element 'id=resultIeee' contains text '"sinal": "1"'.</msg>
<arg>${RESULT_IEEE}</arg>
<arg>${texto}</arg>
<doc>Verifies that element ``locator`` contains text ``expected``.</doc>
<status status="PASS" start="2026-05-31T22:24:53.018131" elapsed="0.019916"/>
</kw>
<arg>"sinal": "1"</arg>
<status status="PASS" start="2026-05-31T22:24:53.017725" elapsed="0.020527"/>
</kw>
<status status="PASS" start="2026-05-31T22:24:52.669382" elapsed="0.369258"/>
</test>
<test id="s1-t3" name="CT03 - Valor zero deve retornar binario com 32 zeros" line="27">
<kw name="Informar valor">
<kw name="Go To" owner="SeleniumLibrary">
<msg time="2026-05-31T22:24:53.040733" level="INFO">Opening url 'http://localhost:3000'</msg>
<arg>${URL}</arg>
<doc>Navigates the current browser window to the provided ``url``.</doc>
<status status="PASS" start="2026-05-31T22:24:53.040545" elapsed="0.040298"/>
</kw>
<kw name="Wait Until Element Is Visible" owner="SeleniumLibrary">
<arg>${INPUT_VALOR}</arg>
<arg>timeout=10s</arg>
<doc>Waits until the element ``locator`` is visible.</doc>
<status status="PASS" start="2026-05-31T22:24:53.081255" elapsed="0.020921"/>
</kw>
<kw name="Clear Element Text" owner="SeleniumLibrary">
<arg>${INPUT_VALOR}</arg>
<doc>Clears the value of the text-input-element identified by ``locator``.</doc>
<status status="PASS" start="2026-05-31T22:24:53.102405" elapsed="0.035818"/>
</kw>
<kw name="Input Text" owner="SeleniumLibrary">
<msg time="2026-05-31T22:24:53.138856" level="INFO">Typing text '0' into text field 'id=valor'.</msg>
<arg>${INPUT_VALOR}</arg>
<arg>${valor}</arg>
<doc>Types the given ``text`` into the text field identified by ``locator``.</doc>
<status status="PASS" start="2026-05-31T22:24:53.138451" elapsed="0.098785"/>
</kw>
<arg>0</arg>
<status status="PASS" start="2026-05-31T22:24:53.040139" elapsed="0.197298"/>
</kw>
<kw name="Clicar em converter">
<kw name="Click Button" owner="SeleniumLibrary">
<msg time="2026-05-31T22:24:53.239031" level="INFO">Clicking button 'id=btnIeee'.</msg>
<arg>${BTN_IEEE}</arg>
<doc>Clicks the button identified by ``locator``.</doc>
<status status="PASS" start="2026-05-31T22:24:53.238617" elapsed="0.139066"/>
</kw>
<kw name="Wait Until Element Is Visible" owner="SeleniumLibrary">
<arg>${RESULT_IEEE}</arg>
<arg>timeout=10s</arg>
<doc>Waits until the element ``locator`` is visible.</doc>
<status status="PASS" start="2026-05-31T22:24:53.377914" elapsed="0.022197"/>
</kw>
<status status="PASS" start="2026-05-31T22:24:53.238113" elapsed="0.162153"/>
</kw>
<kw name="Resultado deve conter">
<kw name="Element Should Contain" owner="SeleniumLibrary">
<msg time="2026-05-31T22:24:53.424649" level="INFO">Element 'id=resultIeee' contains text '"binario32": "00000000000000000000000000000000"'.</msg>
<arg>${RESULT_IEEE}</arg>
<arg>${texto}</arg>
<doc>Verifies that element ``locator`` contains text ``expected``.</doc>
<status status="PASS" start="2026-05-31T22:24:53.401302" elapsed="0.023536"/>
</kw>
<arg>"binario32": "00000000000000000000000000000000"</arg>
<status status="PASS" start="2026-05-31T22:24:53.400861" elapsed="0.024122"/>
</kw>
<status status="PASS" start="2026-05-31T22:24:53.039371" elapsed="0.386137"/>
</test>
<kw name="Fechar navegador" type="TEARDOWN">
<kw name="Close Browser" owner="SeleniumLibrary">
<doc>Closes the current browser.</doc>
<status status="PASS" start="2026-05-31T22:24:53.429864" elapsed="2.274193"/>
</kw>
<status status="PASS" start="2026-05-31T22:24:53.429582" elapsed="2.274783"/>
</kw>
<status status="PASS" start="2026-05-31T22:24:49.807624" elapsed="5.896854"/>
</suite>
<statistics>
<total>
<stat pass="3" fail="0" skip="0">All Tests</stat>
</total>
<tag>
</tag>
<suite>
<stat name="Ieee754" id="s1" pass="3" fail="0" skip="0">Ieee754</stat>
</suite>
</statistics>
<errors>
</errors>
</robot>
